<?xml version="1.0" encoding="utf-8"?><testsuites name="pytest tests"><testsuite name="pytest" errors="0" failures="0" skipped="0" tests="47" time="15.547" timestamp="2026-06-03T14:37:22.701314+00:00" hostname="agent-env-20e68ae9-3b04-460d-9e68-493a3ff17270"><testcase classname="backend.tests.backend_test.TestHealth" name="test_root" time="0.223" /><testcase classname="backend.tests.backend_test.TestHealth" name="test_stats" time="0.057" /><testcase classname="backend.tests.backend_test.TestHubManagers" name="test_list_seeded" time="0.056" /><testcase classname="backend.tests.backend_test.TestHubManagers" name="test_create" time="0.057" /><testcase classname="backend.tests.backend_test.TestHubManagers" name="test_duplicate_phone" time="0.050" /><testcase classname="backend.tests.backend_test.TestHubManagers" name="test_update" time="0.053" /><testcase classname="backend.tests.backend_test.TestHubManagers" name="test_delete" time="0.050" /><testcase classname="backend.tests.backend_test.TestDrivers" name="test_list" time="0.048" /><testcase classname="backend.tests.backend_test.TestDrivers" name="test_create_and_status" time="0.174" /><testcase classname="backend.tests.backend_test.TestDrivers" name="test_location_update" time="0.051" /><testcase classname="backend.tests.backend_test.TestDrivers" name="test_delete" time="0.049" /><testcase classname="backend.tests.backend_test.TestVehicles" name="test_list" time="0.051" /><testcase classname="backend.tests.backend_test.TestVehicles" name="test_create" time="0.050" /><testcase classname="backend.tests.backend_test.TestVehicles" name="test_assign_swap" time="0.459" /><testcase classname="backend.tests.backend_test.TestVehicles" name="test_delete" time="0.051" /><testcase classname="backend.tests.backend_test.TestZones" name="test_list" time="0.056" /><testcase classname="backend.tests.backend_test.TestZones" name="test_crud_and_driver_assign" time="0.258" /><testcase classname="backend.tests.backend_test.TestZones" name="test_delete" time="0.051" /><testcase classname="backend.tests.backend_test.TestOrdersFlow" name="test_create_order" time="0.049" /><testcase classname="backend.tests.backend_test.TestOrdersFlow" name="test_cluster" time="0.060" /><testcase classname="backend.tests.backend_test.TestOrdersFlow" name="test_assign_auto" time="0.108" /><testcase classname="backend.tests.backend_test.TestOrdersFlow" name="test_assign_manual_and_status_update" time="0.392" /><testcase classname="backend.tests.backend_test.TestRouting" name="test_plan_route[time]" time="0.685" /><testcase classname="backend.tests.backend_test.TestRouting" name="test_plan_route[eco]" time="0.559" /><testcase classname="backend.tests.backend_test.TestRouting" name="test_plan_route[avoid_erp]" time="0.572" /><testcase classname="backend.tests.backend_test.TestRouting" name="test_simulate_step_and_shipper" time="0.208" /><testcase classname="backend.tests.backend_test.TestLTA" name="test_incidents" time="0.795" /><testcase classname="backend.tests.backend_test.TestLTA" name="test_speed_bands" time="3.953" /><testcase classname="backend.tests.backend_test.TestLTA" name="test_erp_rates" time="0.735" /><testcase classname="backend.tests.backend_test.TestHubs" name="test_list_seeded_hubs" time="0.051" /><testcase classname="backend.tests.backend_test.TestHubs" name="test_create_hub_and_persist" time="0.174" /><testcase classname="backend.tests.backend_test.TestHubs" name="test_default_enforcement_on_create" time="0.257" /><testcase classname="backend.tests.backend_test.TestHubs" name="test_update_hub" time="0.144" /><testcase classname="backend.tests.backend_test.TestHubs" name="test_delete_default_promotes_another" time="0.422" /><testcase classname="backend.tests.backend_test.TestGeocode" name="test_geocode_returns_json_no_500" time="0.878" /><testcase classname="backend.tests.backend_test.TestGeocode" name="test_geocode_validation" time="0.047" /><testcase classname="backend.tests.backend_test.TestRoutingWithHub" name="test_plan_with_non_default_hub" time="0.701" /><testcase classname="backend.tests.backend_test.TestRoutingWithHub" name="test_plan_without_hub_uses_default" time="0.540" /><testcase classname="backend.tests.backend_test.TestDriverZoneSync" name="test_create_driver_with_zone_adds_to_zone" time="0.289" /><testcase classname="backend.tests.backend_test.TestDriverZoneSync" name="test_update_driver_moves_between_zones" time="0.404" /><testcase classname="backend.tests.backend_test.TestDriverZoneSync" name="test_delete_driver_removes_from_zone" time="0.287" /><testcase classname="backend.tests.backend_test.TestOrderZoneAutoTag" name="test_order_inside_polygon_gets_that_zone" time="0.202" /><testcase classname="backend.tests.backend_test.TestOrderZoneAutoTag" name="test_order_outside_falls_back_to_nearest_centroid" time="0.145" /><testcase classname="backend.tests.backend_test.TestClusteringByZone" name="test_clusters_have_weight_and_zone_and_never_span" time="0.190" /><testcase classname="backend.tests.backend_test.TestSmartAssignment" name="test_assignment_respects_capacity_license_returns_skipped" time="0.330" /><testcase classname="backend.tests.backend_test.TestSmartAssignment" name="test_assignment_zone_affinity_preferred_when_possible" time="0.223" /><testcase classname="backend.tests.backend_test.TestSmartAssignment" name="test_assignment_unique_driver_per_cluster" time="0.206" /></testsuite></testsuites>