<?xml version="1.0" encoding="utf-8"?><testsuites name="pytest tests"><testsuite name="pytest" errors="0" failures="0" skipped="1" tests="74" time="20.705" timestamp="2026-06-03T15:49:46.432361+00:00" hostname="agent-env-20e68ae9-3b04-460d-9e68-493a3ff17270"><testcase classname="backend.tests.backend_test.TestHealth" name="test_root" time="0.441" /><testcase classname="backend.tests.backend_test.TestHealth" name="test_stats" time="0.060" /><testcase classname="backend.tests.backend_test.TestHubManagers" name="test_list_seeded" time="0.057" /><testcase classname="backend.tests.backend_test.TestHubManagers" name="test_create" time="0.068" /><testcase classname="backend.tests.backend_test.TestHubManagers" name="test_duplicate_phone" time="0.058" /><testcase classname="backend.tests.backend_test.TestHubManagers" name="test_update" time="0.059" /><testcase classname="backend.tests.backend_test.TestHubManagers" name="test_delete" time="0.060" /><testcase classname="backend.tests.backend_test.TestDrivers" name="test_list" time="0.053" /><testcase classname="backend.tests.backend_test.TestDrivers" name="test_create_and_status" time="0.189" /><testcase classname="backend.tests.backend_test.TestDrivers" name="test_location_update" time="0.053" /><testcase classname="backend.tests.backend_test.TestDrivers" name="test_delete" time="0.054" /><testcase classname="backend.tests.backend_test.TestVehicles" name="test_list" time="0.055" /><testcase classname="backend.tests.backend_test.TestVehicles" name="test_create" time="0.053" /><testcase classname="backend.tests.backend_test.TestVehicles" name="test_assign_swap" time="0.488" /><testcase classname="backend.tests.backend_test.TestVehicles" name="test_delete" time="0.054" /><testcase classname="backend.tests.backend_test.TestZones" name="test_list" time="0.060" /><testcase classname="backend.tests.backend_test.TestZones" name="test_crud_and_driver_assign" time="0.286" /><testcase classname="backend.tests.backend_test.TestZones" name="test_delete" time="0.053" /><testcase classname="backend.tests.backend_test.TestOrdersFlow" name="test_create_order" time="0.055" /><testcase classname="backend.tests.backend_test.TestOrdersFlow" name="test_cluster" time="0.059" /><testcase classname="backend.tests.backend_test.TestOrdersFlow" name="test_assign_auto" time="0.108" /><testcase classname="backend.tests.backend_test.TestOrdersFlow" name="test_assign_manual_and_status_update" time="0.285" /><testcase classname="backend.tests.backend_test.TestRouting" name="test_plan_route[time]" time="0.767" /><testcase classname="backend.tests.backend_test.TestRouting" name="test_plan_route[eco]" time="0.562" /><testcase classname="backend.tests.backend_test.TestRouting" name="test_plan_route[avoid_erp]" time="0.552" /><testcase classname="backend.tests.backend_test.TestRouting" name="test_simulate_step_and_shipper" time="0.234" /><testcase classname="backend.tests.backend_test.TestLTA" name="test_incidents" time="0.819" /><testcase classname="backend.tests.backend_test.TestLTA" name="test_speed_bands" time="3.432" /><testcase classname="backend.tests.backend_test.TestLTA" name="test_erp_rates" time="0.746" /><testcase classname="backend.tests.backend_test.TestHubs" name="test_list_seeded_hubs" time="0.062" /><testcase classname="backend.tests.backend_test.TestHubs" name="test_create_hub_and_persist" time="0.167" /><testcase classname="backend.tests.backend_test.TestHubs" name="test_default_enforcement_on_create" time="0.269" /><testcase classname="backend.tests.backend_test.TestHubs" name="test_update_hub" time="0.168" /><testcase classname="backend.tests.backend_test.TestHubs" name="test_delete_default_promotes_another" time="0.320" /><testcase classname="backend.tests.backend_test.TestGeocode" name="test_geocode_returns_json_no_500" time="0.873" /><testcase classname="backend.tests.backend_test.TestGeocode" name="test_geocode_validation" time="0.052" /><testcase classname="backend.tests.backend_test.TestRoutingWithHub" name="test_plan_with_non_default_hub" time="0.259"><skipped type="pytest.skip" message="No non-default hub or cluster">/app/backend/tests/backend_test.py:417: No non-default hub or cluster</skipped></testcase><testcase classname="backend.tests.backend_test.TestRoutingWithHub" name="test_plan_without_hub_uses_default" time="0.644" /><testcase classname="backend.tests.backend_test.TestDriverZoneSync" name="test_create_driver_with_zone_adds_to_zone" time="0.306" /><testcase classname="backend.tests.backend_test.TestDriverZoneSync" name="test_update_driver_moves_between_zones" time="0.440" /><testcase classname="backend.tests.backend_test.TestDriverZoneSync" name="test_delete_driver_removes_from_zone" time="0.332" /><testcase classname="backend.tests.backend_test.TestOrderZoneAutoTag" name="test_order_inside_polygon_gets_that_zone" time="0.214" /><testcase classname="backend.tests.backend_test.TestOrderZoneAutoTag" name="test_order_outside_falls_back_to_nearest_centroid" time="0.164" /><testcase classname="backend.tests.backend_test.TestClusteringByZone" name="test_clusters_have_weight_and_zone_and_never_span" time="0.181" /><testcase classname="backend.tests.backend_test.TestSmartAssignment" name="test_assignment_respects_capacity_license_returns_skipped" time="0.313" /><testcase classname="backend.tests.backend_test.TestSmartAssignment" name="test_assignment_zone_affinity_preferred_when_possible" time="0.218" /><testcase classname="backend.tests.backend_test.TestSmartAssignment" name="test_assignment_unique_driver_per_cluster" time="0.247" /><testcase classname="backend.tests.test_iter6_clustering.TestClustering" name="test_cluster_returns_zone_and_hub_keys" time="0.285" /><testcase classname="backend.tests.test_iter6_clustering.TestClustering" name="test_cluster_correctness_central_and_northwest" time="0.151" /><testcase classname="backend.tests.test_iter6_clustering.TestClustering" name="test_unassigned_count_for_out_of_zone_orders" time="0.052" /><testcase classname="backend.tests.test_iter6_clustering.TestReClusterPreserve" name="test_in_flight_clusters_preserved" time="0.292" /><testcase classname="backend.tests.test_iter6_clustering.TestStrictZoneAssign" name="test_strict_zone_assignment" time="0.340" /><testcase classname="backend.tests.test_iter6_clustering.TestRoutingDerivesHub" name="test_plan_route_uses_cluster_hub" time="0.724" /><testcase classname="backend.tests.test_iter6_clustering.TestRoutingDerivesHub" name="test_plan_route_ignores_extra_hub_id" time="0.628" /><testcase classname="backend.tests.test_iter6_clustering.TestRegression" name="test_get_clusters" time="0.059" /><testcase classname="backend.tests.test_iter6_clustering.TestRegression" name="test_get_stats" time="0.056" /><testcase classname="backend.tests.test_iter6_clustering.TestRegression" name="test_vehicle_license_mismatch_still_400" time="0.220" /><testcase classname="backend.tests.test_iter6_clustering.TestRegression" name="test_hub_manager_bad_hub_id_400" time="0.048" /><testcase classname="backend.tests.test_iter6_clustering.TestRegression" name="test_drivers_zones_hubs_crud_listing" time="0.165" /><testcase classname="backend.tests.test_p0_features.TestLicenseVehicleMatrix" name="test_van_rejects_license_A" time="0.608" /><testcase classname="backend.tests.test_p0_features.TestLicenseVehicleMatrix" name="test_van_accepts_license_B" time="0.198" /><testcase classname="backend.tests.test_p0_features.TestLicenseVehicleMatrix" name="test_van_accepts_license_C" time="0.175" /><testcase classname="backend.tests.test_p0_features.TestLicenseVehicleMatrix" name="test_motorbike_rejects_license_C" time="0.179" /><testcase classname="backend.tests.test_p0_features.TestLicenseVehicleMatrix" name="test_motorbike_accepts_license_A" time="0.205" /><testcase classname="backend.tests.test_p0_features.TestLicenseVehicleMatrix" name="test_motorbike_accepts_license_B" time="0.185" /><testcase classname="backend.tests.test_p0_features.TestHubManagerHubId" name="test_seeded_hms_have_hub_id" time="0.070" /><testcase classname="backend.tests.test_p0_features.TestHubManagerHubId" name="test_create_with_valid_hub_id" time="0.131" /><testcase classname="backend.tests.test_p0_features.TestHubManagerHubId" name="test_create_with_invalid_hub_id_returns_400" time="0.064" /><testcase classname="backend.tests.test_p0_features.TestHubManagerHubId" name="test_update_hub_id_updates_hub_name" time="0.267" /><testcase classname="backend.tests.test_p0_features.TestRegression" name="test_stats_ok" time="0.076" /><testcase classname="backend.tests.test_p0_features.TestRegression" name="test_hubs_ok" time="0.063" /><testcase classname="backend.tests.test_p0_features.TestRegression" name="test_drivers_ok" time="0.063" /><testcase classname="backend.tests.test_p0_features.TestRegression" name="test_vehicles_ok" time="0.062" /><testcase classname="backend.tests.test_p0_features.TestRegression" name="test_unassign_idempotent" time="0.140" /></testsuite></testsuites>