<?xml version="1.0" encoding="utf-8"?><testsuites name="pytest tests"><testsuite name="pytest" errors="0" failures="0" skipped="0" tests="12" time="2.989" timestamp="2026-06-03T15:48:35.391246+00:00" hostname="agent-env-20e68ae9-3b04-460d-9e68-493a3ff17270"><testcase classname="backend.tests.test_iter6_clustering.TestClustering" name="test_cluster_returns_zone_and_hub_keys" time="0.235" /><testcase classname="backend.tests.test_iter6_clustering.TestClustering" name="test_cluster_correctness_central_and_northwest" time="0.150" /><testcase classname="backend.tests.test_iter6_clustering.TestClustering" name="test_unassigned_count_for_out_of_zone_orders" time="0.064" /><testcase classname="backend.tests.test_iter6_clustering.TestReClusterPreserve" name="test_in_flight_clusters_preserved" time="0.240" /><testcase classname="backend.tests.test_iter6_clustering.TestStrictZoneAssign" name="test_strict_zone_assignment" time="0.346" /><testcase classname="backend.tests.test_iter6_clustering.TestRoutingDerivesHub" name="test_plan_route_uses_cluster_hub" time="0.739" /><testcase classname="backend.tests.test_iter6_clustering.TestRoutingDerivesHub" name="test_plan_route_ignores_extra_hub_id" time="0.585" /><testcase classname="backend.tests.test_iter6_clustering.TestRegression" name="test_get_clusters" time="0.052" /><testcase classname="backend.tests.test_iter6_clustering.TestRegression" name="test_get_stats" time="0.051" /><testcase classname="backend.tests.test_iter6_clustering.TestRegression" name="test_vehicle_license_mismatch_still_400" time="0.222" /><testcase classname="backend.tests.test_iter6_clustering.TestRegression" name="test_hub_manager_bad_hub_id_400" time="0.051" /><testcase classname="backend.tests.test_iter6_clustering.TestRegression" name="test_drivers_zones_hubs_crud_listing" time="0.168" /></testsuite></testsuites>