<?xml version="1.0" encoding="utf-8"?><testsuites name="pytest tests"><testsuite name="pytest" errors="0" failures="0" skipped="0" tests="15" time="2.342" timestamp="2026-06-03T14:37:15.478077+00:00" hostname="agent-env-20e68ae9-3b04-460d-9e68-493a3ff17270"><testcase classname="backend.tests.test_p0_features.TestLicenseVehicleMatrix" name="test_van_rejects_license_A" time="0.604" /><testcase classname="backend.tests.test_p0_features.TestLicenseVehicleMatrix" name="test_van_accepts_license_B" time="0.192" /><testcase classname="backend.tests.test_p0_features.TestLicenseVehicleMatrix" name="test_van_accepts_license_C" time="0.154" /><testcase classname="backend.tests.test_p0_features.TestLicenseVehicleMatrix" name="test_motorbike_rejects_license_C" time="0.170" /><testcase classname="backend.tests.test_p0_features.TestLicenseVehicleMatrix" name="test_motorbike_accepts_license_A" time="0.159" /><testcase classname="backend.tests.test_p0_features.TestLicenseVehicleMatrix" name="test_motorbike_accepts_license_B" time="0.157" /><testcase classname="backend.tests.test_p0_features.TestHubManagerHubId" name="test_seeded_hms_have_hub_id" time="0.053" /><testcase classname="backend.tests.test_p0_features.TestHubManagerHubId" name="test_create_with_valid_hub_id" time="0.111" /><testcase classname="backend.tests.test_p0_features.TestHubManagerHubId" name="test_create_with_invalid_hub_id_returns_400" time="0.055" /><testcase classname="backend.tests.test_p0_features.TestHubManagerHubId" name="test_update_hub_id_updates_hub_name" time="0.159" /><testcase classname="backend.tests.test_p0_features.TestRegression" name="test_stats_ok" time="0.059" /><testcase classname="backend.tests.test_p0_features.TestRegression" name="test_hubs_ok" time="0.052" /><testcase classname="backend.tests.test_p0_features.TestRegression" name="test_drivers_ok" time="0.053" /><testcase classname="backend.tests.test_p0_features.TestRegression" name="test_vehicles_ok" time="0.048" /><testcase classname="backend.tests.test_p0_features.TestRegression" name="test_unassign_idempotent" time="0.107" /></testsuite></testsuites>