<?xml version="1.0" encoding="utf-8"?><testsuites name="pytest tests"><testsuite name="pytest" errors="0" failures="0" skipped="0" tests="38" time="12.795" timestamp="2026-06-03T08:15:53.404268+00:00" hostname="agent-env-20e68ae9-3b04-460d-9e68-493a3ff17270"><testcase classname="backend.tests.backend_test.TestHealth" name="test_root" time="0.235" /><testcase classname="backend.tests.backend_test.TestHealth" name="test_stats" time="0.051" /><testcase classname="backend.tests.backend_test.TestHubManagers" name="test_list_seeded" time="0.047" /><testcase classname="backend.tests.backend_test.TestHubManagers" name="test_create" time="0.050" /><testcase classname="backend.tests.backend_test.TestHubManagers" name="test_duplicate_phone" time="0.064" /><testcase classname="backend.tests.backend_test.TestHubManagers" name="test_update" time="0.049" /><testcase classname="backend.tests.backend_test.TestHubManagers" name="test_delete" time="0.047" /><testcase classname="backend.tests.backend_test.TestDrivers" name="test_list" time="0.051" /><testcase classname="backend.tests.backend_test.TestDrivers" name="test_create_and_status" time="0.160" /><testcase classname="backend.tests.backend_test.TestDrivers" name="test_location_update" time="0.047" /><testcase classname="backend.tests.backend_test.TestDrivers" name="test_delete" time="0.053" /><testcase classname="backend.tests.backend_test.TestVehicles" name="test_list" time="0.046" /><testcase classname="backend.tests.backend_test.TestVehicles" name="test_create" time="0.054" /><testcase classname="backend.tests.backend_test.TestVehicles" name="test_assign_swap" time="0.424" /><testcase classname="backend.tests.backend_test.TestVehicles" name="test_delete" time="0.065" /><testcase classname="backend.tests.backend_test.TestZones" name="test_list" time="0.046" /><testcase classname="backend.tests.backend_test.TestZones" name="test_crud_and_driver_assign" time="0.225" /><testcase classname="backend.tests.backend_test.TestZones" name="test_delete" time="0.045" /><testcase classname="backend.tests.backend_test.TestOrdersFlow" name="test_create_order" time="0.045" /><testcase classname="backend.tests.backend_test.TestOrdersFlow" name="test_cluster" time="0.053" /><testcase classname="backend.tests.backend_test.TestOrdersFlow" name="test_assign_auto" time="0.115" /><testcase classname="backend.tests.backend_test.TestOrdersFlow" name="test_assign_manual_and_status_update" time="0.224" /><testcase classname="backend.tests.backend_test.TestRouting" name="test_plan_route[time]" time="0.756" /><testcase classname="backend.tests.backend_test.TestRouting" name="test_plan_route[eco]" time="0.536" /><testcase classname="backend.tests.backend_test.TestRouting" name="test_plan_route[avoid_erp]" time="0.526" /><testcase classname="backend.tests.backend_test.TestRouting" name="test_simulate_step_and_shipper" time="0.193" /><testcase classname="backend.tests.backend_test.TestLTA" name="test_incidents" time="0.781" /><testcase classname="backend.tests.backend_test.TestLTA" name="test_speed_bands" time="4.195" /><testcase classname="backend.tests.backend_test.TestLTA" name="test_erp_rates" time="0.742" /><testcase classname="backend.tests.backend_test.TestHubs" name="test_list_seeded_hubs" time="0.065" /><testcase classname="backend.tests.backend_test.TestHubs" name="test_create_hub_and_persist" time="0.155" /><testcase classname="backend.tests.backend_test.TestHubs" name="test_default_enforcement_on_create" time="0.227" /><testcase classname="backend.tests.backend_test.TestHubs" name="test_update_hub" time="0.135" /><testcase classname="backend.tests.backend_test.TestHubs" name="test_delete_default_promotes_another" time="0.272" /><testcase classname="backend.tests.backend_test.TestGeocode" name="test_geocode_returns_json_no_500" time="0.547" /><testcase classname="backend.tests.backend_test.TestGeocode" name="test_geocode_validation" time="0.046" /><testcase classname="backend.tests.backend_test.TestRoutingWithHub" name="test_plan_with_non_default_hub" time="0.647" /><testcase classname="backend.tests.backend_test.TestRoutingWithHub" name="test_plan_without_hub_uses_default" time="0.554" /></testsuite></testsuites>