<?xml version="1.0" encoding="utf-8"?><testsuites name="pytest tests"><testsuite name="pytest" errors="0" failures="1" skipped="0" tests="29" time="9.126" timestamp="2026-04-20T13:32:03.564564+00:00" hostname="agent-env-20e68ae9-3b04-460d-9e68-493a3ff17270"><testcase classname="backend.tests.backend_test.TestHealth" name="test_root" time="0.347" /><testcase classname="backend.tests.backend_test.TestHealth" name="test_stats" time="0.059" /><testcase classname="backend.tests.backend_test.TestHubManagers" name="test_list_seeded" time="0.050" /><testcase classname="backend.tests.backend_test.TestHubManagers" name="test_create" time="0.048" /><testcase classname="backend.tests.backend_test.TestHubManagers" name="test_duplicate_phone" time="0.057" /><testcase classname="backend.tests.backend_test.TestHubManagers" name="test_update" time="0.052" /><testcase classname="backend.tests.backend_test.TestHubManagers" name="test_delete" time="0.048" /><testcase classname="backend.tests.backend_test.TestDrivers" name="test_list" time="0.048" /><testcase classname="backend.tests.backend_test.TestDrivers" name="test_create_and_status" time="0.160" /><testcase classname="backend.tests.backend_test.TestDrivers" name="test_location_update" time="0.049" /><testcase classname="backend.tests.backend_test.TestDrivers" name="test_delete" time="0.056" /><testcase classname="backend.tests.backend_test.TestVehicles" name="test_list" time="0.050" /><testcase classname="backend.tests.backend_test.TestVehicles" name="test_create" time="0.050" /><testcase classname="backend.tests.backend_test.TestVehicles" name="test_assign_swap" time="0.159"><failure message="AssertionError: assert 1 &gt;= 2&#10; +  where 1 = len([{'assigned_driver_id': None, 'capacity_kg': 500.0, 'created_at': '2026-04-20T13:32:04.863885+00:00', 'fuel_type': 'ev', ...}])">backend/tests/backend_test.py:145: in test_assign_swap
    assert len(v_free) &gt;= 2
E   AssertionError: assert 1 &gt;= 2
E    +  where 1 = len([{'assigned_driver_id': None, 'capacity_kg': 500.0, 'created_at': '2026-04-20T13:32:04.863885+00:00', 'fuel_type': 'ev', ...}])</failure></testcase><testcase classname="backend.tests.backend_test.TestVehicles" name="test_delete" time="0.051" /><testcase classname="backend.tests.backend_test.TestZones" name="test_list" time="0.049" /><testcase classname="backend.tests.backend_test.TestZones" name="test_crud_and_driver_assign" time="0.267" /><testcase classname="backend.tests.backend_test.TestZones" name="test_delete" time="0.051" /><testcase classname="backend.tests.backend_test.TestOrdersFlow" name="test_create_order" time="0.049" /><testcase classname="backend.tests.backend_test.TestOrdersFlow" name="test_cluster" time="0.064" /><testcase classname="backend.tests.backend_test.TestOrdersFlow" name="test_assign_auto" time="0.120" /><testcase classname="backend.tests.backend_test.TestOrdersFlow" name="test_assign_manual_and_status_update" time="0.250" /><testcase classname="backend.tests.backend_test.TestRouting" name="test_plan_route[time]" time="0.507" /><testcase classname="backend.tests.backend_test.TestRouting" name="test_plan_route[eco]" time="0.303" /><testcase classname="backend.tests.backend_test.TestRouting" name="test_plan_route[avoid_erp]" time="0.296" /><testcase classname="backend.tests.backend_test.TestRouting" name="test_simulate_step_and_shipper" time="0.217" /><testcase classname="backend.tests.backend_test.TestLTA" name="test_incidents" time="0.871" /><testcase classname="backend.tests.backend_test.TestLTA" name="test_speed_bands" time="3.770" /><testcase classname="backend.tests.backend_test.TestLTA" name="test_erp_rates" time="0.744" /></testsuite></testsuites>